<?xml version="1.0" encoding="UTF-8" ?>
<testsuite tests="23" failures="0" name="org.fluentcodes.projects.elasticobjects.calls.templates.handler.ParserTest" time="0.003" errors="0" skipped="0">
  <properties>
    <property name="java.runtime.name" value="OpenJDK Runtime Environment"/>
    <property name="java.vm.version" value="11.0.13+8-LTS"/>
    <property name="sun.boot.library.path" value="/Library/Java/JavaVirtualMachines/zulu-11.jdk/Contents/Home/lib"/>
    <property name="gopherProxySet" value="false"/>
    <property name="jdk.vendor.version" value="Zulu11.52+13-CA"/>
    <property name="maven.multiModuleProjectDirectory" value="/Users/werner/dev/elasticobjects"/>
    <property name="java.vm.vendor" value="Azul Systems, Inc."/>
    <property name="java.vendor.url" value="http://www.azul.com/"/>
    <property name="path.separator" value=":"/>
    <property name="guice.disable.misplaced.annotation.check" value="true"/>
    <property name="java.vm.name" value="OpenJDK 64-Bit Server VM"/>
    <property name="user.country" value="DE"/>
    <property name="sun.java.launcher" value="SUN_STANDARD"/>
    <property name="sun.os.patch.level" value="unknown"/>
    <property name="user.dir" value="/Users/werner/dev/elasticobjects"/>
    <property name="java.vm.compressedOopsMode" value="Zero based"/>
    <property name="java.vm.specification.name" value="Java Virtual Machine Specification"/>
    <property name="java.runtime.version" value="11.0.13+8-LTS"/>
    <property name="java.awt.graphicsenv" value="sun.awt.CGraphicsEnvironment"/>
    <property name="os.arch" value="aarch64"/>
    <property name="java.io.tmpdir" value="/var/folders/bp/cx2myt155lg4l1_qv2nnq6sr0000gn/T/"/>
    <property name="line.separator" value="
"/>
    <property name="java.vm.specification.vendor" value="Oracle Corporation"/>
    <property name="os.name" value="Mac OS X"/>
    <property name="classworlds.conf" value="/Users/werner/dev/maven/bin/m2.conf"/>
    <property name="sun.jnu.encoding" value="UTF-8"/>
    <property name="java.library.path" value="/Users/werner/Library/Java/Extensions:/Library/Java/Extensions:/Network/Library/Java/Extensions:/System/Library/Java/Extensions:/usr/lib/java:."/>
    <property name="maven.conf" value="/Users/werner/dev/maven/conf"/>
    <property name="jdk.debug" value="release"/>
    <property name="java.class.version" value="55.0"/>
    <property name="java.specification.name" value="Java Platform API Specification"/>
    <property name="sun.management.compiler" value="HotSpot 64-Bit Tiered Compilers"/>
    <property name="os.version" value="11.5.2"/>
    <property name="http.nonProxyHosts" value="local|*.local|169.254/16|*.169.254/16"/>
    <property name="library.jansi.path" value="/Users/werner/dev/maven/lib/jansi-native"/>
    <property name="user.home" value="/Users/werner"/>
    <property name="user.timezone" value="Europe/Berlin"/>
    <property name="java.awt.printerjob" value="sun.lwawt.macosx.CPrinterJob"/>
    <property name="file.encoding" value="UTF-8"/>
    <property name="java.specification.version" value="11"/>
    <property name="java.class.path" value="/Users/werner/dev/maven/boot/plexus-classworlds-2.6.0.jar"/>
    <property name="user.name" value="werner"/>
    <property name="java.vm.specification.version" value="11"/>
    <property name="sun.arch.data.model" value="64"/>
    <property name="sun.java.command" value="org.codehaus.plexus.classworlds.launcher.Launcher clean install"/>
    <property name="java.home" value="/Library/Java/JavaVirtualMachines/zulu-11.jdk/Contents/Home"/>
    <property name="user.language" value="de"/>
    <property name="java.specification.vendor" value="Oracle Corporation"/>
    <property name="awt.toolkit" value="sun.lwawt.macosx.LWCToolkit"/>
    <property name="java.vm.info" value="mixed mode"/>
    <property name="java.version" value="11.0.13"/>
    <property name="java.vendor" value="Azul Systems, Inc."/>
    <property name="maven.home" value="/Users/werner/dev/maven"/>
    <property name="file.separator" value="/"/>
    <property name="java.version.date" value="2021-10-19"/>
    <property name="java.vendor.url.bug" value="http://www.azul.com/support/"/>
    <property name="sun.cpu.endian" value="little"/>
    <property name="sun.io.unicode.encoding" value="UnicodeBig"/>
    <property name="java.vendor.version" value="Zulu11.52+13-CA"/>
    <property name="socksNonProxyHosts" value="local|*.local|169.254/16|*.169.254/16"/>
    <property name="ftp.nonProxyHosts" value="local|*.local|169.254/16|*.169.254/16"/>
    <property name="sun.cpu.isalist" value=""/>
  </properties>
  <testcase classname="org.fluentcodes.projects.elasticobjects.calls.templates.handler.ParserTest" name="call_json_not_exist_default__parse__default" time="0.001"/>
  <testcase classname="org.fluentcodes.projects.elasticobjects.calls.templates.handler.ParserTest" name="ValueCall_level0_map__parse__valueSet" time="0"/>
  <testcase classname="org.fluentcodes.projects.elasticobjects.calls.templates.handler.ParserTest" name="array_TemplateCall_content_start_space_new_line__parse___1_2_3" time="0"/>
  <testcase classname="org.fluentcodes.projects.elasticobjects.calls.templates.handler.ParserTest" name="tmp__parse__error" time="0"/>
  <testcase classname="org.fluentcodes.projects.elasticobjects.calls.templates.handler.ParserTest" name="TemplateCall_testPath__parse__replaced" time="0"/>
  <testcase classname="org.fluentcodes.projects.elasticobjects.calls.templates.handler.ParserTest" name="json_TemplateCall_testPath_testValue__parse__xpected" time="0"/>
  <testcase classname="org.fluentcodes.projects.elasticobjects.calls.templates.handler.ParserTest" name="array_TemplateCall_content_trailing_space__parse__123" time="0"/>
  <testcase classname="org.fluentcodes.projects.elasticobjects.calls.templates.handler.ParserTest" name="eo_key0_key1_value__parse__value" time="0.001"/>
  <testcase classname="org.fluentcodes.projects.elasticobjects.calls.templates.handler.ParserTest" name="array_TemplateCall_content_start_space__parse__123" time="0"/>
  <testcase classname="org.fluentcodes.projects.elasticobjects.calls.templates.handler.ParserTest" name="array_TemplateCall_content_start_a_space__parse__123" time="0"/>
  <testcase classname="org.fluentcodes.projects.elasticobjects.calls.templates.handler.ParserTest" name="array_TemplateCall_content_start_space_backslash_newline__parse___1_2_3" time="0"/>
  <testcase classname="org.fluentcodes.projects.elasticobjects.calls.templates.handler.ParserTest" name="call_not_exist_default__parse_without_eo__default" time="0"/>
  <testcase classname="org.fluentcodes.projects.elasticobjects.calls.templates.handler.ParserTest" name="ValueCall_targetPath_level0_placeHolder__parse__replaced" time="0"/>
  <testcase classname="org.fluentcodes.projects.elasticobjects.calls.templates.handler.ParserTest" name="call_json_not_exist_default__parse_without_eo__default" time="0"/>
  <testcase classname="org.fluentcodes.projects.elasticobjects.calls.templates.handler.ParserTest" name="call_not_exist_default__parse__default" time="0"/>
  <testcase classname="org.fluentcodes.projects.elasticobjects.calls.templates.handler.ParserTest" name="placeHolder_testPath_noEo__parse__exception_in_template" time="0"/>
  <testcase classname="org.fluentcodes.projects.elasticobjects.calls.templates.handler.ParserTest" name="array_123_TemplateCall_content_trailing_space_newline__parse__1_2_3_" time="0.001"/>
  <testcase classname="org.fluentcodes.projects.elasticobjects.calls.templates.handler.ParserTest" name="array_123_TemplateCall_content_trailing_space_backslash_newline__parse__1_2_3_" time="0"/>
  <testcase classname="org.fluentcodes.projects.elasticobjects.calls.templates.handler.ParserTest" name="placeHolder_testPath_eo__parse__replace" time="0"/>
  <testcase classname="org.fluentcodes.projects.elasticobjects.calls.templates.handler.ParserTest" name="tmp_default__parse__default" time="0"/>
  <testcase classname="org.fluentcodes.projects.elasticobjects.calls.templates.handler.ParserTest" name="direct_targetPath_level0_placeHolder__parse__replaced" time="0"/>
  <testcase classname="org.fluentcodes.projects.elasticobjects.calls.templates.handler.ParserTest" name="set_TemplateCall_testPath_testValue__parse__xpected" time="0"/>
  <testcase classname="org.fluentcodes.projects.elasticobjects.calls.templates.handler.ParserTest" name="TemplateCall_parent__parse__val2a" time="0"/>
</testsuite>